DEBUG 2016-10-13 02:33:46,484 scheduler 31902 117029743159104 {'wechatid': u'qqcyfh', 'kind': 0, 'wechat_id': 30L}
DEBUG 2016-10-13 02:33:46,493 scheduler 31902 117029743159104 {'wechatid': u'xmieat', 'kind': 0, 'wechat_id': 26L}
DEBUG 2016-10-13 02:33:46,501 scheduler 31902 117029743159104 {'wechatid': u'mlwxiamen', 'kind': 0, 'wechat_id': 25L}
DEBUG 2016-10-13 02:33:46,509 scheduler 31902 117029743159104 {'wechatid': u'xmhaoliao', 'kind': 0, 'wechat_id': 24L}
DEBUG 2016-10-13 02:33:46,518 scheduler 31902 117029743159104 {'wechatid': u'woshitongdao', 'kind': 0, 'wechat_id': 1L}
DEBUG 2016-10-13 02:33:46,526 scheduler 31902 117029743159104 {'kind': 3, 'word': u'\u53a6\u95e8\u7f8e\u98df'}
DEBUG 2016-10-13 02:33:46,534 scheduler 31902 117029743159104 {'kind': 3, 'word': u'\u53a6\u95e8\u65c5\u6e38'}
DEBUG 2016-10-13 02:34:59,806 scheduler 31902 117029743159104 {'wechatid': u'jinrongbaguanv', 'kind': 0, 'wechat_id': 2L}
DEBUG 2016-10-13 03:25:00,600 scheduler 31902 117029743159104 {'wechatid': u'jinrongbaguanv', 'kind': 0, 'wechat_id': 2L}
DEBUG 2016-10-13 04:13:47,013 scheduler 31902 117029743159104 {'wechatid': u'qqcyfh', 'kind': 0, 'wechat_id': 30L}
DEBUG 2016-10-13 04:13:47,021 scheduler 31902 117029743159104 {'wechatid': u'xmieat', 'kind': 0, 'wechat_id': 26L}
DEBUG 2016-10-13 04:13:47,030 scheduler 31902 117029743159104 {'wechatid': u'mlwxiamen', 'kind': 0, 'wechat_id': 25L}
DEBUG 2016-10-13 04:13:47,038 scheduler 31902 117029743159104 {'wechatid': u'xmhaoliao', 'kind': 0, 'wechat_id': 24L}
DEBUG 2016-10-13 04:13:47,046 scheduler 31902 117029743159104 {'wechatid': u'woshitongdao', 'kind': 0, 'wechat_id': 1L}
DEBUG 2016-10-13 04:13:47,055 scheduler 31902 117029743159104 {'kind': 3, 'word': u'\u53a6\u95e8\u7f8e\u98df'}
DEBUG 2016-10-13 04:13:47,063 scheduler 31902 117029743159104 {'kind': 3, 'word': u'\u53a6\u95e8\u65c5\u6e38'}
DEBUG 2016-10-13 04:15:01,348 scheduler 31902 117029743159104 {'wechatid': u'jinrongbaguanv', 'kind': 0, 'wechat_id': 2L}
DEBUG 2016-10-13 05:05:02,024 scheduler 31902 117029743159104 {'wechatid': u'jinrongbaguanv', 'kind': 0, 'wechat_id': 2L}
DEBUG 2016-10-13 05:53:48,401 scheduler 31902 117029743159104 {'wechatid': u'qqcyfh', 'kind': 0, 'wechat_id': 30L}
DEBUG 2016-10-13 05:53:48,410 scheduler 31902 117029743159104 {'wechatid': u'xmieat', 'kind': 0, 'wechat_id': 26L}
DEBUG 2016-10-13 05:53:48,418 scheduler 31902 117029743159104 {'wechatid': u'mlwxiamen', 'kind': 0, 'wechat_id': 25L}
DEBUG 2016-10-13 05:53:48,435 scheduler 31902 117029743159104 {'wechatid': u'xmhaoliao', 'kind': 0, 'wechat_id': 24L}
DEBUG 2016-10-13 05:53:48,460 scheduler 31902 117029743159104 {'wechatid': u'woshitongdao', 'kind': 0, 'wechat_id': 1L}
DEBUG 2016-10-13 05:53:48,468 scheduler 31902 117029743159104 {'kind': 3, 'word': u'\u53a6\u95e8\u7f8e\u98df'}
DEBUG 2016-10-13 05:53:48,476 scheduler 31902 117029743159104 {'kind': 3, 'word': u'\u53a6\u95e8\u65c5\u6e38'}
DEBUG 2016-10-13 05:55:03,770 scheduler 31902 117029743159104 {'wechatid': u'jinrongbaguanv', 'kind': 0, 'wechat_id': 2L}
DEBUG 2016-10-13 06:45:04,533 scheduler 31902 117029743159104 {'wechatid': u'jinrongbaguanv', 'kind': 0, 'wechat_id': 2L}
DEBUG 2016-10-13 07:33:50,010 scheduler 31902 117029743159104 {'wechatid': u'qqcyfh', 'kind': 0, 'wechat_id': 30L}
DEBUG 2016-10-13 07:33:50,018 scheduler 31902 117029743159104 {'wechatid': u'xmieat', 'kind': 0, 'wechat_id': 26L}
DEBUG 2016-10-13 07:33:50,027 scheduler 31902 117029743159104 {'wechatid': u'mlwxiamen', 'kind': 0, 'wechat_id': 25L}
DEBUG 2016-10-13 07:33:50,060 scheduler 31902 117029743159104 {'wechatid': u'xmhaoliao', 'kind': 0, 'wechat_id': 24L}
DEBUG 2016-10-13 07:33:50,068 scheduler 31902 117029743159104 {'wechatid': u'woshitongdao', 'kind': 0, 'wechat_id': 1L}
DEBUG 2016-10-13 07:33:50,077 scheduler 31902 117029743159104 {'kind': 3, 'word': u'\u53a6\u95e8\u7f8e\u98df'}
DEBUG 2016-10-13 07:33:50,085 scheduler 31902 117029743159104 {'kind': 3, 'word': u'\u53a6\u95e8\u65c5\u6e38'}
DEBUG 2016-10-13 07:35:05,370 scheduler 31902 117029743159104 {'wechatid': u'jinrongbaguanv', 'kind': 0, 'wechat_id': 2L}
DEBUG 2016-10-13 08:25:06,221 scheduler 31902 117029743159104 {'wechatid': u'jinrongbaguanv', 'kind': 0, 'wechat_id': 2L}
DEBUG 2016-10-13 09:13:50,715 scheduler 31902 117029743159104 {'wechatid': u'qqcyfh', 'kind': 0, 'wechat_id': 30L}
DEBUG 2016-10-13 09:13:50,723 scheduler 31902 117029743159104 {'wechatid': u'xmieat', 'kind': 0, 'wechat_id': 26L}
DEBUG 2016-10-13 09:13:50,732 scheduler 31902 117029743159104 {'wechatid': u'mlwxiamen', 'kind': 0, 'wechat_id': 25L}
DEBUG 2016-10-13 09:13:50,740 scheduler 31902 117029743159104 {'wechatid': u'xmhaoliao', 'kind': 0, 'wechat_id': 24L}
DEBUG 2016-10-13 09:13:50,748 scheduler 31902 117029743159104 {'wechatid': u'woshitongdao', 'kind': 0, 'wechat_id': 1L}
DEBUG 2016-10-13 09:13:50,757 scheduler 31902 117029743159104 {'kind': 3, 'word': u'\u53a6\u95e8\u7f8e\u98df'}
DEBUG 2016-10-13 09:13:50,765 scheduler 31902 117029743159104 {'kind': 3, 'word': u'\u53a6\u95e8\u65c5\u6e38'}
DEBUG 2016-10-13 09:15:07,050 scheduler 31902 117029743159104 {'wechatid': u'jinrongbaguanv', 'kind': 0, 'wechat_id': 2L}
DEBUG 2016-10-13 10:05:08,871 scheduler 31902 117029743159104 {'wechatid': u'jinrongbaguanv', 'kind': 0, 'wechat_id': 2L}
DEBUG 2016-10-13 10:53:51,249 scheduler 31902 117029743159104 {'wechatid': u'qqcyfh', 'kind': 0, 'wechat_id': 30L}
DEBUG 2016-10-13 10:53:51,274 scheduler 31902 117029743159104 {'wechatid': u'xmieat', 'kind': 0, 'wechat_id': 26L}
DEBUG 2016-10-13 10:53:51,282 scheduler 31902 117029743159104 {'wechatid': u'mlwxiamen', 'kind': 0, 'wechat_id': 25L}
DEBUG 2016-10-13 10:53:51,290 scheduler 31902 117029743159104 {'wechatid': u'xmhaoliao', 'kind': 0, 'wechat_id': 24L}
DEBUG 2016-10-13 10:53:51,298 scheduler 31902 117029743159104 {'wechatid': u'woshitongdao', 'kind': 0, 'wechat_id': 1L}
DEBUG 2016-10-13 10:53:51,307 scheduler 31902 117029743159104 {'kind': 3, 'word': u'\u53a6\u95e8\u7f8e\u98df'}
DEBUG 2016-10-13 10:53:51,315 scheduler 31902 117029743159104 {'kind': 3, 'word': u'\u53a6\u95e8\u65c5\u6e38'}
DEBUG 2016-10-13 10:55:09,600 scheduler 31902 117029743159104 {'wechatid': u'jinrongbaguanv', 'kind': 0, 'wechat_id': 2L}
DEBUG 2016-10-13 11:45:10,429 scheduler 31902 117029743159104 {'wechatid': u'jinrongbaguanv', 'kind': 0, 'wechat_id': 2L}
DEBUG 2016-10-13 12:33:52,966 scheduler 31902 117029743159104 {'wechatid': u'qqcyfh', 'kind': 0, 'wechat_id': 30L}
DEBUG 2016-10-13 12:33:52,975 scheduler 31902 117029743159104 {'wechatid': u'xmieat', 'kind': 0, 'wechat_id': 26L}
DEBUG 2016-10-13 12:33:52,983 scheduler 31902 117029743159104 {'wechatid': u'mlwxiamen', 'kind': 0, 'wechat_id': 25L}
DEBUG 2016-10-13 12:33:52,991 scheduler 31902 117029743159104 {'wechatid': u'xmhaoliao', 'kind': 0, 'wechat_id': 24L}
DEBUG 2016-10-13 12:33:52,999 scheduler 31902 117029743159104 {'wechatid': u'woshitongdao', 'kind': 0, 'wechat_id': 1L}
DEBUG 2016-10-13 12:33:53,008 scheduler 31902 117029743159104 {'kind': 3, 'word': u'\u53a6\u95e8\u7f8e\u98df'}
DEBUG 2016-10-13 12:33:53,016 scheduler 31902 117029743159104 {'kind': 3, 'word': u'\u53a6\u95e8\u65c5\u6e38'}
DEBUG 2016-10-13 12:35:11,301 scheduler 31902 117029743159104 {'wechatid': u'jinrongbaguanv', 'kind': 0, 'wechat_id': 2L}
DEBUG 2016-10-13 13:25:12,147 scheduler 31902 117029743159104 {'wechatid': u'jinrongbaguanv', 'kind': 0, 'wechat_id': 2L}
DEBUG 2016-10-13 14:13:53,684 scheduler 31902 117029743159104 {'wechatid': u'qqcyfh', 'kind': 0, 'wechat_id': 30L}
DEBUG 2016-10-13 14:13:53,692 scheduler 31902 117029743159104 {'wechatid': u'xmieat', 'kind': 0, 'wechat_id': 26L}
DEBUG 2016-10-13 14:13:53,700 scheduler 31902 117029743159104 {'wechatid': u'mlwxiamen', 'kind': 0, 'wechat_id': 25L}
DEBUG 2016-10-13 14:13:53,709 scheduler 31902 117029743159104 {'wechatid': u'xmhaoliao', 'kind': 0, 'wechat_id': 24L}
DEBUG 2016-10-13 14:13:53,717 scheduler 31902 117029743159104 {'wechatid': u'woshitongdao', 'kind': 0, 'wechat_id': 1L}
DEBUG 2016-10-13 14:13:53,725 scheduler 31902 117029743159104 {'kind': 3, 'word': u'\u53a6\u95e8\u7f8e\u98df'}
DEBUG 2016-10-13 14:13:53,734 scheduler 31902 117029743159104 {'kind': 3, 'word': u'\u53a6\u95e8\u65c5\u6e38'}
DEBUG 2016-10-13 14:15:13,035 scheduler 31902 117029743159104 {'wechatid': u'jinrongbaguanv', 'kind': 0, 'wechat_id': 2L}
DEBUG 2016-10-13 15:05:14,856 scheduler 31902 117029743159104 {'wechatid': u'jinrongbaguanv', 'kind': 0, 'wechat_id': 2L}
DEBUG 2016-10-13 15:53:54,343 scheduler 31902 117029743159104 {'wechatid': u'qqcyfh', 'kind': 0, 'wechat_id': 30L}
DEBUG 2016-10-13 15:53:54,351 scheduler 31902 117029743159104 {'wechatid': u'xmieat', 'kind': 0, 'wechat_id': 26L}
DEBUG 2016-10-13 15:53:54,360 scheduler 31902 117029743159104 {'wechatid': u'mlwxiamen', 'kind': 0, 'wechat_id': 25L}
DEBUG 2016-10-13 15:53:54,368 scheduler 31902 117029743159104 {'wechatid': u'xmhaoliao', 'kind': 0, 'wechat_id': 24L}
DEBUG 2016-10-13 15:53:54,376 scheduler 31902 117029743159104 {'wechatid': u'woshitongdao', 'kind': 0, 'wechat_id': 1L}
DEBUG 2016-10-13 15:53:54,385 scheduler 31902 117029743159104 {'kind': 3, 'word': u'\u53a6\u95e8\u7f8e\u98df'}
DEBUG 2016-10-13 15:53:54,393 scheduler 31902 117029743159104 {'kind': 3, 'word': u'\u53a6\u95e8\u65c5\u6e38'}
DEBUG 2016-10-13 15:55:15,694 scheduler 31902 117029743159104 {'wechatid': u'jinrongbaguanv', 'kind': 0, 'wechat_id': 2L}
DEBUG 2016-10-13 16:45:16,524 scheduler 31902 117029743159104 {'wechatid': u'jinrongbaguanv', 'kind': 0, 'wechat_id': 2L}
DEBUG 2016-10-13 17:33:55,069 scheduler 31902 117029743159104 {'wechatid': u'qqcyfh', 'kind': 0, 'wechat_id': 30L}
DEBUG 2016-10-13 17:33:55,077 scheduler 31902 117029743159104 {'wechatid': u'xmieat', 'kind': 0, 'wechat_id': 26L}
DEBUG 2016-10-13 17:33:55,086 scheduler 31902 117029743159104 {'wechatid': u'mlwxiamen', 'kind': 0, 'wechat_id': 25L}
DEBUG 2016-10-13 17:33:55,094 scheduler 31902 117029743159104 {'wechatid': u'xmhaoliao', 'kind': 0, 'wechat_id': 24L}
DEBUG 2016-10-13 17:33:55,102 scheduler 31902 117029743159104 {'wechatid': u'woshitongdao', 'kind': 0, 'wechat_id': 1L}
DEBUG 2016-10-13 17:33:55,111 scheduler 31902 117029743159104 {'kind': 3, 'word': u'\u53a6\u95e8\u7f8e\u98df'}
DEBUG 2016-10-13 17:33:55,119 scheduler 31902 117029743159104 {'kind': 3, 'word': u'\u53a6\u95e8\u65c5\u6e38'}
DEBUG 2016-10-13 17:35:17,445 scheduler 31902 117029743159104 {'wechatid': u'jinrongbaguanv', 'kind': 0, 'wechat_id': 2L}
DEBUG 2016-10-13 18:25:18,258 scheduler 31902 117029743159104 {'wechatid': u'jinrongbaguanv', 'kind': 0, 'wechat_id': 2L}
DEBUG 2016-10-13 19:13:56,828 scheduler 31902 117029743159104 {'wechatid': u'qqcyfh', 'kind': 0, 'wechat_id': 30L}
DEBUG 2016-10-13 19:13:56,836 scheduler 31902 117029743159104 {'wechatid': u'xmieat', 'kind': 0, 'wechat_id': 26L}
DEBUG 2016-10-13 19:13:56,845 scheduler 31902 117029743159104 {'wechatid': u'mlwxiamen', 'kind': 0, 'wechat_id': 25L}
DEBUG 2016-10-13 19:13:56,853 scheduler 31902 117029743159104 {'wechatid': u'xmhaoliao', 'kind': 0, 'wechat_id': 24L}
DEBUG 2016-10-13 19:13:56,861 scheduler 31902 117029743159104 {'wechatid': u'woshitongdao', 'kind': 0, 'wechat_id': 1L}
DEBUG 2016-10-13 19:13:56,870 scheduler 31902 117029743159104 {'kind': 3, 'word': u'\u53a6\u95e8\u7f8e\u98df'}
DEBUG 2016-10-13 19:13:56,878 scheduler 31902 117029743159104 {'kind': 3, 'word': u'\u53a6\u95e8\u65c5\u6e38'}
DEBUG 2016-10-13 19:15:19,179 scheduler 31902 117029743159104 {'wechatid': u'jinrongbaguanv', 'kind': 0, 'wechat_id': 2L}
DEBUG 2016-10-13 20:05:20,975 scheduler 31902 117029743159104 {'wechatid': u'jinrongbaguanv', 'kind': 0, 'wechat_id': 2L}
DEBUG 2016-10-13 20:53:57,489 scheduler 31902 117029743159104 {'wechatid': u'qqcyfh', 'kind': 0, 'wechat_id': 30L}
DEBUG 2016-10-13 20:53:57,497 scheduler 31902 117029743159104 {'wechatid': u'xmieat', 'kind': 0, 'wechat_id': 26L}
DEBUG 2016-10-13 20:53:57,505 scheduler 31902 117029743159104 {'wechatid': u'mlwxiamen', 'kind': 0, 'wechat_id': 25L}
DEBUG 2016-10-13 20:53:57,514 scheduler 31902 117029743159104 {'wechatid': u'xmhaoliao', 'kind': 0, 'wechat_id': 24L}
DEBUG 2016-10-13 20:53:57,522 scheduler 31902 117029743159104 {'wechatid': u'woshitongdao', 'kind': 0, 'wechat_id': 1L}
DEBUG 2016-10-13 20:53:57,556 scheduler 31902 117029743159104 {'kind': 3, 'word': u'\u53a6\u95e8\u7f8e\u98df'}
DEBUG 2016-10-13 20:53:57,564 scheduler 31902 117029743159104 {'kind': 3, 'word': u'\u53a6\u95e8\u65c5\u6e38'}
DEBUG 2016-10-13 20:55:21,890 scheduler 31902 117029743159104 {'wechatid': u'jinrongbaguanv', 'kind': 0, 'wechat_id': 2L}
DEBUG 2016-10-13 21:45:22,652 scheduler 31902 117029743159104 {'wechatid': u'jinrongbaguanv', 'kind': 0, 'wechat_id': 2L}
DEBUG 2016-10-13 22:33:58,156 scheduler 31902 117029743159104 {'wechatid': u'qqcyfh', 'kind': 0, 'wechat_id': 30L}
DEBUG 2016-10-13 22:33:58,164 scheduler 31902 117029743159104 {'wechatid': u'xmieat', 'kind': 0, 'wechat_id': 26L}
DEBUG 2016-10-13 22:33:58,173 scheduler 31902 117029743159104 {'wechatid': u'mlwxiamen', 'kind': 0, 'wechat_id': 25L}
DEBUG 2016-10-13 22:33:58,181 scheduler 31902 117029743159104 {'wechatid': u'xmhaoliao', 'kind': 0, 'wechat_id': 24L}
DEBUG 2016-10-13 22:33:58,189 scheduler 31902 117029743159104 {'wechatid': u'woshitongdao', 'kind': 0, 'wechat_id': 1L}
DEBUG 2016-10-13 22:33:58,197 scheduler 31902 117029743159104 {'kind': 3, 'word': u'\u53a6\u95e8\u7f8e\u98df'}
DEBUG 2016-10-13 22:33:58,206 scheduler 31902 117029743159104 {'kind': 3, 'word': u'\u53a6\u95e8\u65c5\u6e38'}
DEBUG 2016-10-13 22:35:23,523 scheduler 31902 117029743159104 {'wechatid': u'jinrongbaguanv', 'kind': 0, 'wechat_id': 2L}
DEBUG 2016-10-13 23:25:24,353 scheduler 31902 117029743159104 {'wechatid': u'jinrongbaguanv', 'kind': 0, 'wechat_id': 2L}
DEBUG 2016-10-14 00:13:59,940 scheduler 31902 117029743159104 {'wechatid': u'qqcyfh', 'kind': 0, 'wechat_id': 30L}
DEBUG 2016-10-14 00:13:59,948 scheduler 31902 117029743159104 {'wechatid': u'xmieat', 'kind': 0, 'wechat_id': 26L}
DEBUG 2016-10-14 00:13:59,956 scheduler 31902 117029743159104 {'wechatid': u'mlwxiamen', 'kind': 0, 'wechat_id': 25L}
DEBUG 2016-10-14 00:13:59,965 scheduler 31902 117029743159104 {'wechatid': u'xmhaoliao', 'kind': 0, 'wechat_id': 24L}
DEBUG 2016-10-14 00:13:59,973 scheduler 31902 117029743159104 {'wechatid': u'woshitongdao', 'kind': 0, 'wechat_id': 1L}
DEBUG 2016-10-14 00:13:59,981 scheduler 31902 117029743159104 {'kind': 3, 'word': u'\u53a6\u95e8\u7f8e\u98df'}
DEBUG 2016-10-14 00:13:59,990 scheduler 31902 117029743159104 {'kind': 3, 'word': u'\u53a6\u95e8\u65c5\u6e38'}
DEBUG 2016-10-14 00:14:27,096 scheduler 31902 117029743159104 {'kind': 3, 'word': u'\u706b\u9505'}
DEBUG 2016-10-14 00:15:25,324 scheduler 31902 117029743159104 {'wechatid': u'jinrongbaguanv', 'kind': 0, 'wechat_id': 2L}
DEBUG 2016-10-14 00:24:28,310 scheduler 31902 117029743159104 {'kind': 3, 'word': u'\u706b\u9505'}
DEBUG 2016-10-14 00:34:29,516 scheduler 31902 117029743159104 {'kind': 3, 'word': u'\u706b\u9505'}
DEBUG 2016-10-14 00:44:30,721 scheduler 31902 117029743159104 {'kind': 3, 'word': u'\u706b\u9505'}
DEBUG 2016-10-14 00:46:31,161 scheduler 31902 117029743159104 {'kind': 3, 'word': u'\u706b\u9505'}
DEBUG 2016-10-14 00:48:32,625 scheduler 31902 117029743159104 {'kind': 3, 'word': u'\u706b\u9505'}
DEBUG 2016-10-14 00:49:14,788 scheduler 31902 117029743159104 {'kind': 3, 'word': u'\u7f8e\u98df'}
DEBUG 2016-10-14 00:50:33,095 scheduler 31902 117029743159104 {'kind': 3, 'word': u'\u706b\u9505'}
DEBUG 2016-10-14 00:52:34,552 scheduler 31902 117029743159104 {'kind': 3, 'word': u'\u706b\u9505'}
DEBUG 2016-10-14 00:54:36,014 scheduler 31902 117029743159104 {'kind': 3, 'word': u'\u706b\u9505'}
DEBUG 2016-10-14 00:56:36,494 scheduler 31902 117029743159104 {'kind': 3, 'word': u'\u706b\u9505'}
DEBUG 2016-10-14 00:58:37,942 scheduler 31902 117029743159104 {'kind': 3, 'word': u'\u706b\u9505'}
DEBUG 2016-10-14 01:00:38,389 scheduler 31902 117029743159104 {'kind': 3, 'word': u'\u706b\u9505'}
DEBUG 2016-10-14 01:02:39,837 scheduler 31902 117029743159104 {'kind': 3, 'word': u'\u706b\u9505'}
DEBUG 2016-10-14 01:04:40,277 scheduler 31902 117029743159104 {'kind': 3, 'word': u'\u706b\u9505'}
DEBUG 2016-10-14 01:05:26,456 scheduler 31902 117029743159104 {'wechatid': u'jinrongbaguanv', 'kind': 0, 'wechat_id': 2L}
DEBUG 2016-10-14 01:06:41,733 scheduler 31902 117029743159104 {'kind': 3, 'word': u'\u706b\u9505'}
DEBUG 2016-10-14 01:08:42,180 scheduler 31902 117029743159104 {'kind': 3, 'word': u'\u706b\u9505'}
DEBUG 2016-10-14 01:10:43,628 scheduler 31902 117029743159104 {'kind': 3, 'word': u'\u706b\u9505'}
DEBUG 2016-10-14 01:12:44,068 scheduler 31902 117029743159104 {'kind': 3, 'word': u'\u706b\u9505'}
DEBUG 2016-10-14 01:14:45,521 scheduler 31902 117029743159104 {'kind': 3, 'word': u'\u706b\u9505'}
DEBUG 2016-10-14 01:16:46,983 scheduler 31902 117029743159104 {'kind': 3, 'word': u'\u706b\u9505'}
DEBUG 2016-10-14 01:18:47,425 scheduler 31902 117029743159104 {'kind': 3, 'word': u'\u706b\u9505'}
DEBUG 2016-10-14 01:20:48,873 scheduler 31902 117029743159104 {'kind': 3, 'word': u'\u706b\u9505'}
DEBUG 2016-10-14 01:22:49,329 scheduler 31902 117029743159104 {'kind': 3, 'word': u'\u706b\u9505'}
DEBUG 2016-10-14 01:24:50,789 scheduler 31902 117029743159104 {'kind': 3, 'word': u'\u706b\u9505'}
DEBUG 2016-10-14 01:26:51,245 scheduler 31902 117029743159104 {'kind': 3, 'word': u'\u706b\u9505'}
DEBUG 2016-10-14 01:28:52,699 scheduler 31902 117029743159104 {'kind': 3, 'word': u'\u706b\u9505'}
DEBUG 2016-10-14 01:30:53,155 scheduler 31902 117029743159104 {'kind': 3, 'word': u'\u706b\u9505'}
DEBUG 2016-10-14 01:32:54,609 scheduler 31902 117029743159104 {'kind': 3, 'word': u'\u706b\u9505'}
DEBUG 2016-10-14 01:34:55,054 scheduler 31902 117029743159104 {'kind': 3, 'word': u'\u706b\u9505'}
DEBUG 2016-10-14 01:36:56,504 scheduler 31902 117029743159104 {'kind': 3, 'word': u'\u706b\u9505'}
DEBUG 2016-10-14 01:38:57,977 scheduler 31902 117029743159104 {'kind': 3, 'word': u'\u706b\u9505'}
DEBUG 2016-10-14 01:40:58,425 scheduler 31902 117029743159104 {'kind': 3, 'word': u'\u706b\u9505'}
DEBUG 2016-10-14 01:42:59,898 scheduler 31902 117029743159104 {'kind': 3, 'word': u'\u706b\u9505'}
DEBUG 2016-10-14 01:45:00,345 scheduler 31902 117029743159104 {'kind': 3, 'word': u'\u706b\u9505'}
DEBUG 2016-10-14 01:47:01,935 scheduler 31902 117029743159104 {'kind': 3, 'word': u'\u706b\u9505'}
DEBUG 2016-10-14 01:49:02,399 scheduler 31902 117029743159104 {'kind': 3, 'word': u'\u706b\u9505'}
DEBUG 2016-10-14 01:51:03,855 scheduler 31902 117029743159104 {'kind': 3, 'word': u'\u706b\u9505'}
DEBUG 2016-10-14 01:53:04,303 scheduler 31902 117029743159104 {'kind': 3, 'word': u'\u706b\u9505'}
DEBUG 2016-10-14 01:54:00,540 scheduler 31902 117029743159104 {'wechatid': u'qqcyfh', 'kind': 0, 'wechat_id': 30L}
DEBUG 2016-10-14 01:54:00,548 scheduler 31902 117029743159104 {'wechatid': u'xmieat', 'kind': 0, 'wechat_id': 26L}
DEBUG 2016-10-14 01:54:00,556 scheduler 31902 117029743159104 {'wechatid': u'mlwxiamen', 'kind': 0, 'wechat_id': 25L}
DEBUG 2016-10-14 01:54:00,565 scheduler 31902 117029743159104 {'wechatid': u'xmhaoliao', 'kind': 0, 'wechat_id': 24L}
DEBUG 2016-10-14 01:54:00,598 scheduler 31902 117029743159104 {'wechatid': u'woshitongdao', 'kind': 0, 'wechat_id': 1L}
DEBUG 2016-10-14 01:54:00,606 scheduler 31902 117029743159104 {'kind': 3, 'word': u'\u53a6\u95e8\u7f8e\u98df'}
DEBUG 2016-10-14 01:54:00,615 scheduler 31902 117029743159104 {'kind': 3, 'word': u'\u53a6\u95e8\u65c5\u6e38'}
DEBUG 2016-10-14 01:55:05,859 scheduler 31902 117029743159104 {'kind': 3, 'word': u'\u706b\u9505'}
DEBUG 2016-10-14 01:55:27,949 scheduler 31902 117029743159104 {'wechatid': u'jinrongbaguanv', 'kind': 0, 'wechat_id': 2L}
DEBUG 2016-10-14 01:57:06,315 scheduler 31902 117029743159104 {'kind': 3, 'word': u'\u706b\u9505'}
DEBUG 2016-10-14 01:59:07,763 scheduler 31902 117029743159104 {'kind': 3, 'word': u'\u706b\u9505'}
DEBUG 2016-10-14 02:01:08,202 scheduler 31902 117029743159104 {'kind': 3, 'word': u'\u706b\u9505'}
DEBUG 2016-10-14 02:03:09,650 scheduler 31902 117029743159104 {'kind': 3, 'word': u'\u706b\u9505'}
DEBUG 2016-10-14 02:05:10,089 scheduler 31902 117029743159104 {'kind': 3, 'word': u'\u706b\u9505'}
DEBUG 2016-10-14 02:07:11,546 scheduler 31902 117029743159104 {'kind': 3, 'word': u'\u706b\u9505'}
DEBUG 2016-10-14 02:09:13,010 scheduler 31902 117029743159104 {'kind': 3, 'word': u'\u706b\u9505'}
DEBUG 2016-10-14 02:11:13,458 scheduler 31902 117029743159104 {'kind': 3, 'word': u'\u706b\u9505'}
DEBUG 2016-10-14 02:13:14,923 scheduler 31902 117029743159104 {'kind': 3, 'word': u'\u706b\u9505'}
DEBUG 2016-10-14 02:15:15,379 scheduler 31902 117029743159104 {'kind': 3, 'word': u'\u706b\u9505'}
DEBUG 2016-10-14 02:17:16,843 scheduler 31902 117029743159104 {'kind': 3, 'word': u'\u706b\u9505'}
DEBUG 2016-10-14 02:19:17,313 scheduler 31902 117029743159104 {'kind': 3, 'word': u'\u706b\u9505'}
DEBUG 2016-10-14 02:21:18,789 scheduler 31902 117029743159104 {'kind': 3, 'word': u'\u706b\u9505'}
DEBUG 2016-10-14 02:23:19,255 scheduler 31902 117029743159104 {'kind': 3, 'word': u'\u706b\u9505'}
DEBUG 2016-10-14 02:25:20,718 scheduler 31902 117029743159104 {'kind': 3, 'word': u'\u706b\u9505'}
DEBUG 2016-10-14 02:27:21,182 scheduler 31902 117029743159104 {'kind': 3, 'word': u'\u706b\u9505'}
DEBUG 2016-10-14 02:29:15,614 scheduler 31902 117029743159104 {'kind': 3, 'word': u'\u7f8e\u98df'}
DEBUG 2016-10-14 02:29:22,646 scheduler 31902 117029743159104 {'kind': 3, 'word': u'\u706b\u9505'}
DEBUG 2016-10-14 02:31:23,094 scheduler 31902 117029743159104 {'kind': 3, 'word': u'\u706b\u9505'}
DEBUG 2016-10-14 02:33:24,559 scheduler 31902 117029743159104 {'kind': 3, 'word': u'\u706b\u9505'}
DEBUG 2016-10-14 02:34:16,762 scheduler 31902 117029743159104 {'kind': 3, 'word': u'\u7f8e\u98df'}
DEBUG 2016-10-14 02:35:25,040 scheduler 31902 117029743159104 {'kind': 3, 'word': u'\u706b\u9505'}
DEBUG 2016-10-14 02:37:26,500 scheduler 31902 117029743159104 {'kind': 3, 'word': u'\u706b\u9505'}
DEBUG 2016-10-14 02:39:17,917 scheduler 31902 117029743159104 {'kind': 3, 'word': u'\u7f8e\u98df'}
DEBUG 2016-10-14 02:39:27,975 scheduler 31902 117029743159104 {'kind': 3, 'word': u'\u706b\u9505'}
DEBUG 2016-10-14 02:41:28,422 scheduler 31902 117029743159104 {'kind': 3, 'word': u'\u706b\u9505'}
DEBUG 2016-10-14 02:43:29,878 scheduler 31902 117029743159104 {'kind': 3, 'word': u'\u706b\u9505'}
DEBUG 2016-10-14 02:44:18,083 scheduler 31902 117029743159104 {'kind': 3, 'word': u'\u7f8e\u98df'}
DEBUG 2016-10-14 02:45:28,368 scheduler 31902 117029743159104 {'wechatid': u'jinrongbaguanv', 'kind': 0, 'wechat_id': 2L}
DEBUG 2016-10-14 02:45:30,384 scheduler 31902 117029743159104 {'kind': 3, 'word': u'\u706b\u9505'}
DEBUG 2016-10-14 02:47:31,841 scheduler 31902 117029743159104 {'kind': 3, 'word': u'\u706b\u9505'}
DEBUG 2016-10-14 02:49:19,265 scheduler 31902 117029743159104 {'kind': 3, 'word': u'\u7f8e\u98df'}
DEBUG 2016-10-14 02:49:32,330 scheduler 31902 117029743159104 {'kind': 3, 'word': u'\u706b\u9505'}
DEBUG 2016-10-14 02:51:33,795 scheduler 31902 117029743159104 {'kind': 3, 'word': u'\u706b\u9505'}
DEBUG 2016-10-14 02:53:34,259 scheduler 31902 117029743159104 {'kind': 3, 'word': u'\u706b\u9505'}
DEBUG 2016-10-14 02:54:20,447 scheduler 31902 117029743159104 {'kind': 3, 'word': u'\u7f8e\u98df'}
DEBUG 2016-10-14 02:55:35,732 scheduler 31902 117029743159104 {'kind': 3, 'word': u'\u706b\u9505'}
DEBUG 2016-10-14 02:57:36,190 scheduler 31902 117029743159104 {'kind': 3, 'word': u'\u706b\u9505'}
DEBUG 2016-10-14 02:59:21,597 scheduler 31902 117029743159104 {'kind': 3, 'word': u'\u7f8e\u98df'}
DEBUG 2016-10-14 02:59:37,662 scheduler 31902 117029743159104 {'kind': 3, 'word': u'\u706b\u9505'}
DEBUG 2016-10-14 03:01:38,127 scheduler 31902 117029743159104 {'kind': 3, 'word': u'\u706b\u9505'}
DEBUG 2016-10-14 03:03:39,583 scheduler 31902 117029743159104 {'kind': 3, 'word': u'\u706b\u9505'}
DEBUG 2016-10-14 03:04:22,746 scheduler 31902 117029743159104 {'kind': 3, 'word': u'\u7f8e\u98df'}
DEBUG 2016-10-14 03:05:40,039 scheduler 31902 117029743159104 {'kind': 3, 'word': u'\u706b\u9505'}
DEBUG 2016-10-14 03:07:41,495 scheduler 31902 117029743159104 {'kind': 3, 'word': u'\u706b\u9505'}
DEBUG 2016-10-14 03:09:23,886 scheduler 31902 117029743159104 {'kind': 3, 'word': u'\u7f8e\u98df'}
DEBUG 2016-10-14 03:09:42,970 scheduler 31902 117029743159104 {'kind': 3, 'word': u'\u706b\u9505'}
DEBUG 2016-10-14 03:11:43,414 scheduler 31902 117029743159104 {'kind': 3, 'word': u'\u706b\u9505'}
DEBUG 2016-10-14 03:13:44,879 scheduler 31902 117029743159104 {'kind': 3, 'word': u'\u706b\u9505'}
DEBUG 2016-10-14 03:14:24,050 scheduler 31902 117029743159104 {'kind': 3, 'word': u'\u7f8e\u98df'}
DEBUG 2016-10-14 03:15:45,364 scheduler 31902 117029743159104 {'kind': 3, 'word': u'\u706b\u9505'}
DEBUG 2016-10-14 03:17:46,832 scheduler 31902 117029743159104 {'kind': 3, 'word': u'\u706b\u9505'}
DEBUG 2016-10-14 03:19:25,207 scheduler 31902 117029743159104 {'kind': 3, 'word': u'\u7f8e\u98df'}
DEBUG 2016-10-14 03:19:47,305 scheduler 31902 117029743159104 {'kind': 3, 'word': u'\u706b\u9505'}
DEBUG 2016-10-14 03:21:48,761 scheduler 31902 117029743159104 {'kind': 3, 'word': u'\u706b\u9505'}
DEBUG 2016-10-14 03:23:49,217 scheduler 31902 117029743159104 {'kind': 3, 'word': u'\u706b\u9505'}
DEBUG 2016-10-14 03:24:26,364 scheduler 31902 117029743159104 {'kind': 3, 'word': u'\u7f8e\u98df'}
DEBUG 2016-10-14 03:25:50,682 scheduler 31902 117029743159104 {'kind': 3, 'word': u'\u706b\u9505'}
DEBUG 2016-10-14 03:27:51,154 scheduler 31902 117029743159104 {'kind': 3, 'word': u'\u706b\u9505'}
DEBUG 2016-10-14 03:29:27,538 scheduler 31902 117029743159104 {'kind': 3, 'word': u'\u7f8e\u98df'}
DEBUG 2016-10-14 03:29:52,661 scheduler 31902 117029743159104 {'kind': 3, 'word': u'\u706b\u9505'}
DEBUG 2016-10-14 03:31:53,133 scheduler 31902 117029743159104 {'kind': 3, 'word': u'\u706b\u9505'}
DEBUG 2016-10-14 03:33:54,598 scheduler 31902 117029743159104 {'kind': 3, 'word': u'\u706b\u9505'}
DEBUG 2016-10-14 03:34:01,639 scheduler 31902 117029743159104 {'wechatid': u'qqcyfh', 'kind': 0, 'wechat_id': 30L}
DEBUG 2016-10-14 03:34:01,647 scheduler 31902 117029743159104 {'wechatid': u'xmieat', 'kind': 0, 'wechat_id': 26L}
DEBUG 2016-10-14 03:34:01,655 scheduler 31902 117029743159104 {'wechatid': u'mlwxiamen', 'kind': 0, 'wechat_id': 25L}
DEBUG 2016-10-14 03:34:01,664 scheduler 31902 117029743159104 {'wechatid': u'xmhaoliao', 'kind': 0, 'wechat_id': 24L}
DEBUG 2016-10-14 03:34:01,672 scheduler 31902 117029743159104 {'wechatid': u'woshitongdao', 'kind': 0, 'wechat_id': 1L}
DEBUG 2016-10-14 03:34:01,680 scheduler 31902 117029743159104 {'kind': 3, 'word': u'\u53a6\u95e8\u7f8e\u98df'}
DEBUG 2016-10-14 03:34:01,689 scheduler 31902 117029743159104 {'kind': 3, 'word': u'\u53a6\u95e8\u65c5\u6e38'}
DEBUG 2016-10-14 03:34:28,795 scheduler 31902 117029743159104 {'kind': 3, 'word': u'\u7f8e\u98df'}
DEBUG 2016-10-14 03:35:29,039 scheduler 31902 117029743159104 {'wechatid': u'jinrongbaguanv', 'kind': 0, 'wechat_id': 2L}
DEBUG 2016-10-14 03:35:55,137 scheduler 31902 117029743159104 {'kind': 3, 'word': u'\u706b\u9505'}
DEBUG 2016-10-14 03:37:56,598 scheduler 31902 117029743159104 {'kind': 3, 'word': u'\u706b\u9505'}
DEBUG 2016-10-14 03:39:29,956 scheduler 31902 117029743159104 {'kind': 3, 'word': u'\u7f8e\u98df'}
DEBUG 2016-10-14 03:39:57,071 scheduler 31902 117029743159104 {'kind': 3, 'word': u'\u706b\u9505'}
DEBUG 2016-10-14 03:41:58,527 scheduler 31902 117029743159104 {'kind': 3, 'word': u'\u706b\u9505'}
DEBUG 2016-10-14 03:43:59,999 scheduler 31902 117029743159104 {'kind': 3, 'word': u'\u706b\u9505'}
DEBUG 2016-10-14 03:44:30,139 scheduler 31902 117029743159104 {'kind': 3, 'word': u'\u7f8e\u98df'}
DEBUG 2016-10-14 03:46:00,479 scheduler 31902 117029743159104 {'kind': 3, 'word': u'\u706b\u9505'}
DEBUG 2016-10-14 03:48:01,936 scheduler 31902 117029743159104 {'kind': 3, 'word': u'\u706b\u9505'}
DEBUG 2016-10-14 03:49:31,295 scheduler 31902 117029743159104 {'kind': 3, 'word': u'\u7f8e\u98df'}
DEBUG 2016-10-14 03:50:02,417 scheduler 31902 117029743159104 {'kind': 3, 'word': u'\u706b\u9505'}
DEBUG 2016-10-14 03:52:03,873 scheduler 31902 117029743159104 {'kind': 3, 'word': u'\u706b\u9505'}
DEBUG 2016-10-14 03:54:04,321 scheduler 31902 117029743159104 {'kind': 3, 'word': u'\u706b\u9505'}
DEBUG 2016-10-14 03:54:32,452 scheduler 31902 117029743159104 {'kind': 3, 'word': u'\u7f8e\u98df'}
DEBUG 2016-10-14 03:56:05,801 scheduler 31902 117029743159104 {'kind': 3, 'word': u'\u706b\u9505'}
DEBUG 2016-10-14 03:58:06,256 scheduler 31902 117029743159104 {'kind': 3, 'word': u'\u706b\u9505'}
DEBUG 2016-10-14 03:59:33,599 scheduler 31902 117029743159104 {'kind': 3, 'word': u'\u7f8e\u98df'}
DEBUG 2016-10-14 04:00:07,738 scheduler 31902 117029743159104 {'kind': 3, 'word': u'\u706b\u9505'}
DEBUG 2016-10-14 04:02:08,192 scheduler 31902 117029743159104 {'kind': 3, 'word': u'\u706b\u9505'}
DEBUG 2016-10-14 04:04:09,644 scheduler 31902 117029743159104 {'kind': 3, 'word': u'\u706b\u9505'}
DEBUG 2016-10-14 04:04:34,745 scheduler 31902 117029743159104 {'kind': 3, 'word': u'\u7f8e\u98df'}
DEBUG 2016-10-14 04:06:10,112 scheduler 31902 117029743159104 {'kind': 3, 'word': u'\u706b\u9505'}
DEBUG 2016-10-14 04:08:11,580 scheduler 31902 117029743159104 {'kind': 3, 'word': u'\u706b\u9505'}
DEBUG 2016-10-14 04:09:35,910 scheduler 31902 117029743159104 {'kind': 3, 'word': u'\u7f8e\u98df'}
DEBUG 2016-10-14 04:10:12,052 scheduler 31902 117029743159104 {'kind': 3, 'word': u'\u706b\u9505'}
DEBUG 2016-10-14 04:12:13,511 scheduler 31902 117029743159104 {'kind': 3, 'word': u'\u706b\u9505'}
DEBUG 2016-10-14 04:14:14,966 scheduler 31902 117029743159104 {'kind': 3, 'word': u'\u706b\u9505'}
DEBUG 2016-10-14 04:14:36,048 scheduler 31902 117029743159104 {'kind': 3, 'word': u'\u7f8e\u98df'}
DEBUG 2016-10-14 04:16:15,439 scheduler 31902 117029743159104 {'kind': 3, 'word': u'\u706b\u9505'}
DEBUG 2016-10-14 04:18:16,955 scheduler 31902 117029743159104 {'kind': 3, 'word': u'\u706b\u9505'}
DEBUG 2016-10-14 04:19:37,267 scheduler 31902 117029743159104 {'kind': 3, 'word': u'\u7f8e\u98df'}
DEBUG 2016-10-14 04:20:17,426 scheduler 31902 117029743159104 {'kind': 3, 'word': u'\u706b\u9505'}
DEBUG 2016-10-14 04:22:18,889 scheduler 31902 117029743159104 {'kind': 3, 'word': u'\u706b\u9505'}
DEBUG 2016-10-14 04:24:19,349 scheduler 31902 117029743159104 {'kind': 3, 'word': u'\u706b\u9505'}
DEBUG 2016-10-14 04:24:38,434 scheduler 31902 117029743159104 {'kind': 3, 'word': u'\u7f8e\u98df'}
DEBUG 2016-10-14 04:25:30,644 scheduler 31902 117029743159104 {'wechatid': u'jinrongbaguanv', 'kind': 0, 'wechat_id': 2L}
DEBUG 2016-10-14 04:26:20,839 scheduler 31902 117029743159104 {'kind': 3, 'word': u'\u706b\u9505'}
DEBUG 2016-10-14 04:28:21,288 scheduler 31902 117029743159104 {'kind': 3, 'word': u'\u706b\u9505'}
DEBUG 2016-10-14 04:29:39,580 scheduler 31902 117029743159104 {'kind': 3, 'word': u'\u7f8e\u98df'}
DEBUG 2016-10-14 04:30:22,743 scheduler 31902 117029743159104 {'kind': 3, 'word': u'\u706b\u9505'}
DEBUG 2016-10-14 04:32:23,201 scheduler 31902 117029743159104 {'kind': 3, 'word': u'\u706b\u9505'}
DEBUG 2016-10-14 04:34:24,661 scheduler 31902 117029743159104 {'kind': 3, 'word': u'\u706b\u9505'}
DEBUG 2016-10-14 04:34:40,727 scheduler 31902 117029743159104 {'kind': 3, 'word': u'\u7f8e\u98df'}
DEBUG 2016-10-14 04:36:25,134 scheduler 31902 117029743159104 {'kind': 3, 'word': u'\u706b\u9505'}
DEBUG 2016-10-14 04:38:26,588 scheduler 31902 117029743159104 {'kind': 3, 'word': u'\u706b\u9505'}
DEBUG 2016-10-14 04:39:41,883 scheduler 31902 117029743159104 {'kind': 3, 'word': u'\u7f8e\u98df'}
DEBUG 2016-10-14 04:40:27,062 scheduler 31902 117029743159104 {'kind': 3, 'word': u'\u706b\u9505'}
DEBUG 2016-10-14 04:42:28,527 scheduler 31902 117029743159104 {'kind': 3, 'word': u'\u706b\u9505'}
DEBUG 2016-10-14 04:44:29,983 scheduler 31902 117029743159104 {'kind': 3, 'word': u'\u706b\u9505'}
DEBUG 2016-10-14 04:44:42,032 scheduler 31902 117029743159104 {'kind': 3, 'word': u'\u7f8e\u98df'}
DEBUG 2016-10-14 04:46:30,439 scheduler 31902 117029743159104 {'kind': 3, 'word': u'\u706b\u9505'}
DEBUG 2016-10-14 04:48:31,962 scheduler 31902 117029743159104 {'kind': 3, 'word': u'\u706b\u9505'}
DEBUG 2016-10-14 04:49:43,230 scheduler 31902 117029743159104 {'kind': 3, 'word': u'\u7f8e\u98df'}
DEBUG 2016-10-14 04:50:32,426 scheduler 31902 117029743159104 {'kind': 3, 'word': u'\u706b\u9505'}
DEBUG 2016-10-14 04:52:33,907 scheduler 31902 117029743159104 {'kind': 3, 'word': u'\u706b\u9505'}
DEBUG 2016-10-14 04:54:34,355 scheduler 31902 117029743159104 {'kind': 3, 'word': u'\u706b\u9505'}
DEBUG 2016-10-14 04:54:44,412 scheduler 31902 117029743159104 {'kind': 3, 'word': u'\u7f8e\u98df'}
DEBUG 2016-10-14 04:56:35,828 scheduler 31902 117029743159104 {'kind': 3, 'word': u'\u706b\u9505'}
DEBUG 2016-10-14 04:58:36,309 scheduler 31902 117029743159104 {'kind': 3, 'word': u'\u706b\u9505'}
DEBUG 2016-10-14 04:59:45,580 scheduler 31902 117029743159104 {'kind': 3, 'word': u'\u7f8e\u98df'}
